pruning by samples in this node:
0 -> 0.9376546264225631
20 -> 0.9228104898565067
40 -> 0.9198416625432954
60 -> 0.9198416625432954
80 -> 0.9198416625432954
100 -> 0.8995546759030183
120 -> 0.8995546759030183
140 -> 0.9035131123206334
160 -> 0.9035131123206334
180 -> 0.9035131123206334
200 -> 0.9035131123206334
220 -> 0.9035131123206334
240 -> 0.9035131123206334
260 -> 0.9035131123206334
280 -> 0.9035131123206334
300 -> 0.9035131123206334
320 -> 0.9035131123206334
340 -> 0.9035131123206334
360 -> 0.9035131123206334
380 -> 0.9035131123206334
400 -> 0.9035131123206334
420 -> 0.9035131123206334
440 -> 0.9035131123206334
460 -> 0.9035131123206334
480 -> 0.9035131123206334
500 -> 0.9035131123206334
520 -> 0.9035131123206334
540 -> 0.5378525482434439
560 -> 0.5378525482434439
580 -> 0.5378525482434439
600 -> 0.5378525482434439
620 -> 0.5378525482434439
640 -> 0.5378525482434439
660 -> 0.537357743691242
680 -> 0.537357743691242
700 -> 0.537357743691242
720 -> 0.537357743691242
740 -> 0.537357743691242
760 -> 0.537357743691242
780 -> 0.537357743691242
800 -> 0.537357743691242
820 -> 0.537357743691242
840 -> 0.537357743691242
860 -> 0.537357743691242
880 -> 0.537357743691242
900 -> 0.537357743691242
920 -> 0.537357743691242
940 -> 0.537357743691242
960 -> 0.537357743691242
980 -> 0.537357743691242

pruning by gini:
0.00 -> 0.9198
0.01 -> 0.9193
0.02 -> 0.9193
0.03 -> 0.9193
0.04 -> 0.9193
0.05 -> 0.8991
0.06 -> 0.8991
0.07 -> 0.8991
0.08 -> 0.8991
0.09 -> 0.8991
0.10 -> 0.8991
0.11 -> 0.8991
0.12 -> 0.8991
0.13 -> 0.8996
0.14 -> 0.8996
0.15 -> 0.8996
0.16 -> 0.8996
0.17 -> 0.8996
0.18 -> 0.8996
0.19 -> 0.8996
0.20 -> 0.8996
0.21 -> 0.8996
0.22 -> 0.6061
0.23 -> 0.6061
0.24 -> 0.6061
0.25 -> 0.6061
0.26 -> 0.6061
0.27 -> 0.6061
0.28 -> 0.6061
0.29 -> 0.6061